# JRE version: Java(TM) SE Runtime Environment (21.0.8+12) (build 21.0.8+12-LTS-250)
# Java VM: Java HotSpot(TM) 64-Bit Server VM (21.0.8+12-LTS-250, mixed mode, emulated-client, sharing, tiered, compressed oops, compressed class ptrs, g1 gc, windows-amd64)
GC Precious Log:
 CardTable entry size: 512
 Card Set container configuration: InlinePtr #cards 4 size 8 Array Of Cards #cards 16 size 48 Howl #buckets 8 coarsen threshold 3686 Howl Bitmap #cards 512 size 80 coarsen threshold 460 Card regions per heap region 1 cards per card region 4096
 CPUs: 16 total, 16 available
 Memory: 16068M
 Large Page Support: Disabled
 NUMA Support: Disabled
 Compressed Oops: Enabled (Zero based)
 Heap Region Size: 2M
 Heap Min Capacity: 8M
 Heap Initial Capacity: 252M
 Heap Max Capacity: 4018M
 Pre-touch: Disabled
 Parallel Workers: 13
 Concurrent Workers: 3
 Concurrent Refinement Workers: 13
 Periodic GC: Disabled
Heap:
 garbage-first heap   total 102400K, used 62568K [0x0000000704e00000, 0x0000000800000000)
  region size 2048K, 20 young (40960K), 1 survivors (2048K)
 Metaspace       used 29302K, committed 29696K, reserved 1114112K
  class space    used 3911K, committed 4096K, reserved 1048576K
GC Heap History (14 events):
Event: 0.799 GC heap before
{Heap before GC invocations=0 (full 0):
 garbage-first heap   total 258048K, used 22528K [0x0000000704e00000, 0x0000000800000000)
  region size 2048K, 11 young (22528K), 0 survivors (0K)
 Metaspace       used 2445K, committed 2624K, reserved 1114112K
  class space    used 279K, committed 384K, reserved 1048576K
}
Event: 0.807 GC heap after
{Heap after GC invocations=1 (full 0):
 garbage-first heap   total 258048K, used 10233K [0x0000000704e00000, 0x0000000800000000)
  region size 2048K, 2 young (4096K), 2 survivors (4096K)
 Metaspace       used 2445K, committed 2624K, reserved 1114112K
  class space    used 279K, committed 384K, reserved 1048576K
}
Event: 1.145 GC heap before
{Heap before GC invocations=1 (full 0):
 garbage-first heap   total 258048K, used 28665K [0x0000000704e00000, 0x0000000800000000)
  region size 2048K, 12 young (24576K), 2 survivors (4096K)
 Metaspace       used 4610K, committed 4864K, reserved 1114112K
  class space    used 539K, committed 640K, reserved 1048576K
}
Event: 1.155 GC heap after
{Heap after GC invocations=2 (full 0):
 garbage-first heap   total 258048K, used 21492K [0x0000000704e00000, 0x0000000800000000)
  region size 2048K, 2 young (4096K), 2 survivors (4096K)
 Metaspace       used 4610K, committed 4864K, reserved 1114112K
  class space    used 539K, committed 640K, reserved 1048576K
}
Event: 3.006 GC heap before
{Heap before GC invocations=2 (full 0):
 garbage-first heap   total 258048K, used 56308K [0x0000000704e00000, 0x0000000800000000)
  region size 2048K, 20 young (40960K), 2 survivors (4096K)
 Metaspace       used 10835K, committed 11200K, reserved 1114112K
  class space    used 1440K, committed 1600K, reserved 1048576K
}
Event: 3.013 GC heap after
{Heap after GC invocations=3 (full 0):
 garbage-first heap   total 258048K, used 25569K [0x0000000704e00000, 0x0000000800000000)
  region size 2048K, 2 young (4096K), 2 survivors (4096K)
 Metaspace       used 10835K, committed 11200K, reserved 1114112K
  class space    used 1440K, committed 1600K, reserved 1048576K
}
Event: 3.536 GC heap before
{Heap before GC invocations=3 (full 0):
 garbage-first heap   total 258048K, used 41953K [0x0000000704e00000, 0x0000000800000000)
  region size 2048K, 12 young (24576K), 2 survivors (4096K)
 Metaspace       used 14788K, committed 15168K, reserved 1114112K
  class space    used 1965K, committed 2112K, reserved 1048576K
}
Event: 3.542 GC heap after
{Heap after GC invocations=4 (full 0):
 garbage-first heap   total 258048K, used 26810K [0x0000000704e00000, 0x0000000800000000)
  region size 2048K, 2 young (4096K), 2 survivors (4096K)
 Metaspace       used 14788K, committed 15168K, reserved 1114112K
  class space    used 1965K, committed 2112K, reserved 1048576K
}
Event: 4.828 GC heap before
{Heap before GC invocations=5 (full 0):
 garbage-first heap   total 110592K, used 82106K [0x0000000704e00000, 0x0000000800000000)
  region size 2048K, 31 young (63488K), 2 survivors (4096K)
 Metaspace       used 24914K, committed 25280K, reserved 1114112K
  class space    used 3301K, committed 3456K, reserved 1048576K
}
Event: 4.837 GC heap after
{Heap after GC invocations=6 (full 0):
 garbage-first heap   total 110592K, used 31157K [0x0000000704e00000, 0x0000000800000000)
  region size 2048K, 4 young (8192K), 4 survivors (8192K)
 Metaspace       used 24914K, committed 25280K, reserved 1114112K
  class space    used 3301K, committed 3456K, reserved 1048576K
}
Event: 4.858 GC heap before
{Heap before GC invocations=6 (full 0):
 garbage-first heap   total 110592K, used 31157K [0x0000000704e00000, 0x0000000800000000)
  region size 2048K, 5 young (10240K), 4 survivors (8192K)
 Metaspace       used 25205K, committed 25600K, reserved 1114112K
  class space    used 3336K, committed 3520K, reserved 1048576K
}
Event: 4.868 GC heap after
{Heap after GC invocations=7 (full 0):
 garbage-first heap   total 110592K, used 26568K [0x0000000704e00000, 0x0000000800000000)
  region size 2048K, 1 young (2048K), 1 survivors (2048K)
 Metaspace       used 25205K, committed 25600K, reserved 1114112K
  class space    used 3336K, committed 3520K, reserved 1048576K
}
Event: 4.928 GC heap before
{Heap before GC invocations=7 (full 0):
 garbage-first heap   total 110592K, used 28616K [0x0000000704e00000, 0x0000000800000000)
  region size 2048K, 3 young (6144K), 1 survivors (2048K)
 Metaspace       used 25556K, committed 25920K, reserved 1114112K
  class space    used 3367K, committed 3520K, reserved 1048576K
}
Event: 4.930 GC heap after
{Heap after GC invocations=8 (full 0):
 garbage-first heap   total 110592K, used 25704K [0x0000000704e00000, 0x0000000800000000)
  region size 2048K, 1 young (2048K), 1 survivors (2048K)
 Metaspace       used 25556K, committed 25920K, reserved 1114112K
  class space    used 3367K, committed 3520K, reserved 1048576K
}

